app/build/outputs/logs/manifest-merger-debug-report.txt
-- Merging decision tree log ---
manifest
ADDED from src\main\AndroidManifest.xml:1:1-86:12
	package
		ADDED from src\main\AndroidManifest.xml:2:5-32
		INJECTED from src\main\AndroidManifest.xml
		INJECTED from src\main\AndroidManifest.xml
	android:versionName
		ADDED from src\main\AndroidManifest.xml:4:5-30
		INJECTED from src\main\AndroidManifest.xml
		INJECTED from src\main\AndroidManifest.xml
	android:versionCode
		ADDED from src\main\AndroidManifest.xml:3:5-28
		INJECTED from src\main\AndroidManifest.xml
		INJECTED from src\main\AndroidManifest.xml
	xmlns:android
		ADDED from src\main\AndroidManifest.xml:1:11-69
uses-sdk
ADDED from src\main\AndroidManifest.xml:6:5-8:40
	android:targetSdkVersion
		ADDED from src\main\AndroidManifest.xml:8:9-38
		INJECTED from src\main\AndroidManifest.xml
		INJECTED from src\main\AndroidManifest.xml
	android:minSdkVersion
		ADDED from src\main\AndroidManifest.xml:7:9-35
		INJECTED from src\main\AndroidManifest.xml
		INJECTED from src\main\AndroidManifest.xml
uses-permission#android.permission.READ_CALL_LOG
ADDED from src\main\AndroidManifest.xml:10:5-72
	android:name
		ADDED from src\main\AndroidManifest.xml:10:22-69
uses-permission#android.permission.RECEIVE_BOOT_COMPLETED
ADDED from src\main\AndroidManifest.xml:11:5-81
	android:name
		ADDED from src\main\AndroidManifest.xml:11:22-78
uses-permission#android.permission.QUICKBOOT_POWERON
ADDED from src\main\AndroidManifest.xml:12:5-101
	android:required
		ADDED from src\main\AndroidManifest.xml:12:74-98
	android:name
		ADDED from src\main\AndroidManifest.xml:12:22-73
uses-permission#android.permission.INTERNET
ADDED from src\main\AndroidManifest.xml:13:5-90
	android:required
		ADDED from src\main\AndroidManifest.xml:13:65-88
	android:name
		ADDED from src\main\AndroidManifest.xml:13:22-64
uses-permission#android.permission.READ_SMS
ADDED from src\main\AndroidManifest.xml:14:5-91
	android:required
		ADDED from src\main\AndroidManifest.xml:14:65-88
	android:name
		ADDED from src\main\AndroidManifest.xml:14:22-64
uses-permission#android.permission.WRITE_SMS
ADDED from src\main\AndroidManifest.xml:15:5-92
	android:required
		ADDED from src\main\AndroidManifest.xml:15:66-89
	android:name
		ADDED from src\main\AndroidManifest.xml:15:22-65
uses-permission#android.permission.GET_ACCOUNTS
ADDED from src\main\AndroidManifest.xml:16:5-95
	android:required
		ADDED from src\main\AndroidManifest.xml:16:69-92
	android:name
		ADDED from src\main\AndroidManifest.xml:16:22-68
uses-permission#com.android.browser.permission.READ_HISTORY_BOOKMARKS
ADDED from src\main\AndroidManifest.xml:17:5-92
	android:name
		ADDED from src\main\AndroidManifest.xml:17:22-90
uses-permission#android.permission.ACCESS_NETWORK_STATE
ADDED from src\main\AndroidManifest.xml:18:5-102
	android:required
		ADDED from src\main\AndroidManifest.xml:18:77-100
	android:name
		ADDED from src\main\AndroidManifest.xml:18:22-76
uses-permission#android.permission.READ_CONTACTS
ADDED from src\main\AndroidManifest.xml:19:5-96
	android:required
		ADDED from src\main\AndroidManifest.xml:19:70-93
	android:name
		ADDED from src\main\AndroidManifest.xml:19:22-69
uses-permission#android.permission.ACCESS_FINE_LOCATION
ADDED from src\main\AndroidManifest.xml:20:5-103
	android:required
		ADDED from src\main\AndroidManifest.xml:20:77-100
	android:name
		ADDED from src\main\AndroidManifest.xml:20:22-76
uses-permission#android.permission.GET_TASKS
ADDED from src\main\AndroidManifest.xml:21:5-92
	android:required
		ADDED from src\main\AndroidManifest.xml:21:66-89
	android:name
		ADDED from src\main\AndroidManifest.xml:21:22-65
uses-permission#android.permission.WAKE_LOCK
ADDED from src\main\AndroidManifest.xml:22:5-93
	android:required
		ADDED from src\main\AndroidManifest.xml:22:66-90
	android:name
		ADDED from src\main\AndroidManifest.xml:22:22-65
uses-permission#android.permission.CALL_PHONE
ADDED from src\main\AndroidManifest.xml:23:5-93
	android:required
		ADDED from src\main\AndroidManifest.xml:23:67-90
	android:name
		ADDED from src\main\AndroidManifest.xml:23:22-66
uses-permission#android.permission.SEND_SMS
ADDED from src\main\AndroidManifest.xml:24:5-91
	android:required
		ADDED from src\main\AndroidManifest.xml:24:65-88
	android:name
		ADDED from src\main\AndroidManifest.xml:24:22-64
uses-permission#android.permission.WRITE_SETTINGS
ADDED from src\main\AndroidManifest.xml:25:5-98
	android:required
		ADDED from src\main\AndroidManifest.xml:25:71-95
	android:name
		ADDED from src\main\AndroidManifest.xml:25:22-70
uses-permission#android.permission.READ_PHONE_STATE
ADDED from src\main\AndroidManifest.xml:26:5-100
	android:required
		ADDED from src\main\AndroidManifest.xml:26:73-97
	android:name
		ADDED from src\main\AndroidManifest.xml:26:22-72
uses-permission#android.permission.WRITE_EXTERNAL_STORAGE
ADDED from src\main\AndroidManifest.xml:27:5-105
	android:required
		ADDED from src\main\AndroidManifest.xml:27:79-102
	android:name
		ADDED from src\main\AndroidManifest.xml:27:22-78
uses-permission#android.permission.CAMERA
ADDED from src\main\AndroidManifest.xml:28:5-89
	android:required
		ADDED from src\main\AndroidManifest.xml:28:63-86
	android:name
		ADDED from src\main\AndroidManifest.xml:28:22-62
uses-permission#android.permission.RECORD_AUDIO
ADDED from src\main\AndroidManifest.xml:29:5-96
	android:required
		ADDED from src\main\AndroidManifest.xml:29:69-93
	android:name
		ADDED from src\main\AndroidManifest.xml:29:22-68
uses-permission#android.permission.PROCESS_OUTGOING_CALLS
ADDED from src\main\AndroidManifest.xml:30:5-105
	android:required
		ADDED from src\main\AndroidManifest.xml:30:79-102
	android:name
		ADDED from src\main\AndroidManifest.xml:30:22-78
uses-permission#android.permission.RECEIVE_SMS
ADDED from src\main\AndroidManifest.xml:31:5-94
	android:required
		ADDED from src\main\AndroidManifest.xml:31:68-91
	android:name
		ADDED from src\main\AndroidManifest.xml:31:22-67
uses-feature#android.hardware.camera
ADDED from src\main\AndroidManifest.xml:32:5-85
	android:required
		ADDED from src\main\AndroidManifest.xml:32:58-82
	android:name
		ADDED from src\main\AndroidManifest.xml:32:19-57
uses-feature#android.hardware.camera.front
ADDED from src\main\AndroidManifest.xml:33:5-91
	android:required
		ADDED from src\main\AndroidManifest.xml:33:64-88
	android:name
		ADDED from src\main\AndroidManifest.xml:33:19-63
uses-feature#android.hardware.camera.autofocus
ADDED from src\main\AndroidManifest.xml:34:5-95
	android:required
		ADDED from src\main\AndroidManifest.xml:34:68-92
	android:name
		ADDED from src\main\AndroidManifest.xml:34:19-67
uses-feature#android.hardware.microphone
ADDED from src\main\AndroidManifest.xml:35:5-89
	android:required
		ADDED from src\main\AndroidManifest.xml:35:62-86
	android:name
		ADDED from src\main\AndroidManifest.xml:35:19-61
uses-permission#android.permission.READ_LOGS
ADDED from src\main\AndroidManifest.xml:36:5-92
	android:required
		ADDED from src\main\AndroidManifest.xml:36:66-89
	android:name
		ADDED from src\main\AndroidManifest.xml:36:22-65
supports-screens
ADDED from src\main\AndroidManifest.xml:38:2-41:17
	android:largeScreens
		ADDED from src\main\AndroidManifest.xml:39:15-42
	android:xlargeScreens
		ADDED from src\main\AndroidManifest.xml:40:15-43
	android:resizeable
		ADDED from src\main\AndroidManifest.xml:38:20-45
application
ADDED from src\main\AndroidManifest.xml:43:5-85:19
	android:label
		ADDED from src\main\AndroidManifest.xml:45:9-41
	android:icon
		ADDED from src\main\AndroidManifest.xml:44:9-42
	android:theme
		ADDED from src\main\AndroidManifest.xml:46:3-35
activity#com.connect.Dendroid
ADDED from src\main\AndroidManifest.xml:47:9-54:20
	android:excludeFromRecents
		ADDED from src\main\AndroidManifest.xml:49:13-46
	android:name
		ADDED from src\main\AndroidManifest.xml:48:13-48
intent-filter#android.intent.action.MAIN+android.intent.category.LAUNCHER
ADDED from src\main\AndroidManifest.xml:50:17-53:22
action#android.intent.action.MAIN
ADDED from src\main\AndroidManifest.xml:51:17-69
	android:name
		ADDED from src\main\AndroidManifest.xml:51:25-66
category#android.intent.category.LAUNCHER
ADDED from src\main\AndroidManifest.xml:52:18-78
	android:name
		ADDED from src\main\AndroidManifest.xml:52:28-75
activity#com.connect.Dialog
ADDED from src\main\AndroidManifest.xml:55:9-58:20
	android:excludeFromRecents
		ADDED from src\main\AndroidManifest.xml:57:13-46
	android:name
		ADDED from src\main\AndroidManifest.xml:56:13-46
activity#com.connect.CameraView
ADDED from src\main\AndroidManifest.xml:60:9-63:20
	android:excludeFromRecents
		ADDED from src\main\AndroidManifest.xml:62:13-46
	android:name
		ADDED from src\main\AndroidManifest.xml:61:13-50
activity#com.connect.VideoView
ADDED from src\main\AndroidManifest.xml:64:9-67:20
	android:excludeFromRecents
		ADDED from src\main\AndroidManifest.xml:66:13-46
	android:name
		ADDED from src\main\AndroidManifest.xml:65:13-49
service#com.connect.MyService
ADDED from src\main\AndroidManifest.xml:68:9-71:19
	android:enabled
		ADDED from src\main\AndroidManifest.xml:69:13-35
	android:exported
		ADDED from src\main\AndroidManifest.xml:70:13-36
	android:name
		ADDED from src\main\AndroidManifest.xml:68:18-54
service#com.connect.RecordService
ADDED from src\main\AndroidManifest.xml:72:9-73:19
	android:name
		ADDED from src\main\AndroidManifest.xml:72:18-58
receiver#com.connect.ServiceReceiver
ADDED from src\main\AndroidManifest.xml:74:18-84:20
	android:enabled
		ADDED from src\main\AndroidManifest.xml:75:20-42
	android:exported
		ADDED from src\main\AndroidManifest.xml:76:20-43
	android:name
		ADDED from src\main\AndroidManifest.xml:74:28-70
intent-filter#android.intent.action.ACTION_EXTERNAL_APPLICATIONS_AVAILABLE+android.intent.action.BOOT_COMPLETED+android.intent.action.PHONE_STATE+android.intent.action.QUICKBOOT_POWERON+android.provider.Telephony.SMS_RECEIVED
ADDED from src\main\AndroidManifest.xml:77:13-83:29
	android:priority
		ADDED from src\main\AndroidManifest.xml:77:28-51
action#android.intent.action.BOOT_COMPLETED
ADDED from src\main\AndroidManifest.xml:78:9-71
	android:name
		ADDED from src\main\AndroidManifest.xml:78:17-68
action#android.provider.Telephony.SMS_RECEIVED
ADDED from src\main\AndroidManifest.xml:79:21-86
	android:name
		ADDED from src\main\AndroidManifest.xml:79:29-83
action#android.intent.action.PHONE_STATE
ADDED from src\main\AndroidManifest.xml:80:15-74
	android:name
		ADDED from src\main\AndroidManifest.xml:80:23-71
action#android.intent.action.ACTION_EXTERNAL_APPLICATIONS_AVAILABLE
ADDED from src\main\AndroidManifest.xml:81:15-100
	android:name
		ADDED from src\main\AndroidManifest.xml:81:23-98
action#android.intent.action.QUICKBOOT_POWERON
ADDED from src\main\AndroidManifest.xml:82:15-80
	android:name
		ADDED from src\main\AndroidManifest.xml:82:23-77